
*** Running vivado
    with args -log riscv_SD_0.vds -m64 -product Vivado -mode batch -messageDb vivado.pb -notrace -source riscv_SD_0.tcl


****** Vivado v2021.2 (64-bit)
  **** SW Build 3367213 on Tue Oct 19 02:47:39 MDT 2021
  **** IP Build 3369179 on Thu Oct 21 08:25:16 MDT 2021
    ** Copyright 1986-2021 Xilinx, Inc. All Rights Reserved.

INFO: [Common 17-1239] XILINX_LOCAL_USER_DATA is set to 'no'.
source riscv_SD_0.tcl -notrace
INFO: [IP_Flow 19-234] Refreshing IP repositories
INFO: [IP_Flow 19-1704] No user IP repositories specified
INFO: [IP_Flow 19-2313] Loaded Vivado IP repository '/opt/Xilinx/Vivado/2021.2/data/ip'.
Command: synth_design -top riscv_SD_0 -part xc7k325tffg900-2 -mode out_of_context
Starting synth_design
Attempting to get a license for feature 'Synthesis' and/or device 'xc7k325t'
INFO: [Common 17-349] Got license for feature 'Synthesis' and/or device 'xc7k325t'
INFO: [Device 21-403] Loading part xc7k325tffg900-2
INFO: [Synth 8-7079] Multithreading enabled for synth_design using a maximum of 1 processes.
INFO: [Synth 8-7078] Launching helper process for spawning children vivado processes
INFO: [Synth 8-7075] Helper process launched with PID 6519
---------------------------------------------------------------------------------
Starting RTL Elaboration : Time (s): cpu = 00:00:03 ; elapsed = 00:00:03 . Memory (MB): peak = 2756.344 ; gain = 0.000 ; free physical = 54274 ; free virtual = 75623
---------------------------------------------------------------------------------
INFO: [Synth 8-6157] synthesizing module 'riscv_SD_0' [/home/lee/rebuild_oled_switch_cmd/vivado-risc-v/workspace/rocket64b1/vivado-genesys2-riscv/genesys2-riscv.gen/sources_1/bd/riscv/ip/riscv_SD_0/synth/riscv_SD_0.v:58]
INFO: [Synth 8-6157] synthesizing module 'sdc_controller' [/home/lee/rebuild_oled_switch_cmd/vivado-risc-v/sdc/axi_sdc_controller.v:33]
INFO: [Synth 8-6157] synthesizing module 'IOBUF' [/opt/Xilinx/Vivado/2021.2/scripts/rt/data/unisim_comp.v:59735]
INFO: [Synth 8-6155] done synthesizing module 'IOBUF' (1#1) [/opt/Xilinx/Vivado/2021.2/scripts/rt/data/unisim_comp.v:59735]
INFO: [Synth 8-155] case statement is not full and has no default [/home/lee/rebuild_oled_switch_cmd/vivado-risc-v/sdc/axi_sdc_controller.v:340]
INFO: [Synth 8-155] case statement is not full and has no default [/home/lee/rebuild_oled_switch_cmd/vivado-risc-v/sdc/axi_sdc_controller.v:380]
INFO: [Synth 8-6157] synthesizing module 'axi_sd_fifo_filler' [/home/lee/rebuild_oled_switch_cmd/vivado-risc-v/sdc/axi_sd_fifo_filler.v:33]
INFO: [Synth 8-6157] synthesizing module 'axi_sd_fifo' [/home/lee/rebuild_oled_switch_cmd/vivado-risc-v/sdc/axi_sd_fifo.v:28]
INFO: [Synth 8-6155] done synthesizing module 'axi_sd_fifo' (2#1) [/home/lee/rebuild_oled_switch_cmd/vivado-risc-v/sdc/axi_sd_fifo.v:28]
WARNING: [Synth 8-7071] port 'free_len' of module 'axi_sd_fifo' is unconnected for instance 'rx_fifo' [/home/lee/rebuild_oled_switch_cmd/vivado-risc-v/sdc/axi_sd_fifo_filler.v:79]
WARNING: [Synth 8-7023] instance 'rx_fifo' of module 'axi_sd_fifo' has 10 connections declared, but only 9 given [/home/lee/rebuild_oled_switch_cmd/vivado-risc-v/sdc/axi_sd_fifo_filler.v:79]
WARNING: [Synth 8-7071] port 'full' of module 'axi_sd_fifo' is unconnected for instance 'tx_fifo' [/home/lee/rebuild_oled_switch_cmd/vivado-risc-v/sdc/axi_sd_fifo_filler.v:91]
WARNING: [Synth 8-7023] instance 'tx_fifo' of module 'axi_sd_fifo' has 10 connections declared, but only 9 given [/home/lee/rebuild_oled_switch_cmd/vivado-risc-v/sdc/axi_sd_fifo_filler.v:91]
INFO: [Synth 8-6155] done synthesizing module 'axi_sd_fifo_filler' (3#1) [/home/lee/rebuild_oled_switch_cmd/vivado-risc-v/sdc/axi_sd_fifo_filler.v:33]
INFO: [Synth 8-6157] synthesizing module 'sd_cmd_master' [/home/lee/rebuild_oled_switch_cmd/vivado-risc-v/sdc/sd_cmd_master.v:34]
INFO: [Synth 8-155] case statement is not full and has no default [/home/lee/rebuild_oled_switch_cmd/vivado-risc-v/sdc/sd_cmd_master.v:92]
INFO: [Synth 8-6155] done synthesizing module 'sd_cmd_master' (4#1) [/home/lee/rebuild_oled_switch_cmd/vivado-risc-v/sdc/sd_cmd_master.v:34]
INFO: [Synth 8-6157] synthesizing module 'sd_cmd_serial_host' [/home/lee/rebuild_oled_switch_cmd/vivado-risc-v/sdc/sd_cmd_serial_host.v:33]
INFO: [Synth 8-6157] synthesizing module 'sd_crc_7' [/home/lee/rebuild_oled_switch_cmd/vivado-risc-v/sdc/sd_cmd_serial_host.v:238]
INFO: [Synth 8-6155] done synthesizing module 'sd_crc_7' (5#1) [/home/lee/rebuild_oled_switch_cmd/vivado-risc-v/sdc/sd_cmd_serial_host.v:238]
INFO: [Synth 8-6155] done synthesizing module 'sd_cmd_serial_host' (6#1) [/home/lee/rebuild_oled_switch_cmd/vivado-risc-v/sdc/sd_cmd_serial_host.v:33]
INFO: [Synth 8-6157] synthesizing module 'sd_data_master' [/home/lee/rebuild_oled_switch_cmd/vivado-risc-v/sdc/sd_data_master.v:34]
INFO: [Synth 8-155] case statement is not full and has no default [/home/lee/rebuild_oled_switch_cmd/vivado-risc-v/sdc/sd_data_master.v:82]
INFO: [Synth 8-6155] done synthesizing module 'sd_data_master' (7#1) [/home/lee/rebuild_oled_switch_cmd/vivado-risc-v/sdc/sd_data_master.v:34]
INFO: [Synth 8-6157] synthesizing module 'sd_data_serial_host' [/home/lee/rebuild_oled_switch_cmd/vivado-risc-v/sdc/sd_data_serial_host.v:34]
INFO: [Synth 8-6157] synthesizing module 'sd_crc_16' [/home/lee/rebuild_oled_switch_cmd/vivado-risc-v/sdc/sd_data_serial_host.v:278]
INFO: [Synth 8-6155] done synthesizing module 'sd_crc_16' (8#1) [/home/lee/rebuild_oled_switch_cmd/vivado-risc-v/sdc/sd_data_serial_host.v:278]
INFO: [Synth 8-6155] done synthesizing module 'sd_data_serial_host' (9#1) [/home/lee/rebuild_oled_switch_cmd/vivado-risc-v/sdc/sd_data_serial_host.v:34]
WARNING: [Synth 8-689] width (32) of port connection 'byte_alignment' does not match port width (2) of module 'sd_data_serial_host' [/home/lee/rebuild_oled_switch_cmd/vivado-risc-v/sdc/axi_sdc_controller.v:587]
INFO: [Synth 8-6157] synthesizing module 'sd_data_xfer_trig' [/home/lee/rebuild_oled_switch_cmd/vivado-risc-v/sdc/sd_data_xfer_trig.v:29]
INFO: [Synth 8-155] case statement is not full and has no default [/home/lee/rebuild_oled_switch_cmd/vivado-risc-v/sdc/sd_data_xfer_trig.v:54]
INFO: [Synth 8-6155] done synthesizing module 'sd_data_xfer_trig' (10#1) [/home/lee/rebuild_oled_switch_cmd/vivado-risc-v/sdc/sd_data_xfer_trig.v:29]
INFO: [Synth 8-6155] done synthesizing module 'sdc_controller' (11#1) [/home/lee/rebuild_oled_switch_cmd/vivado-risc-v/sdc/axi_sdc_controller.v:33]
INFO: [Synth 8-6155] done synthesizing module 'riscv_SD_0' (12#1) [/home/lee/rebuild_oled_switch_cmd/vivado-risc-v/workspace/rocket64b1/vivado-genesys2-riscv/genesys2-riscv.gen/sources_1/bd/riscv/ip/riscv_SD_0/synth/riscv_SD_0.v:58]
WARNING: [Synth 8-7129] Port cmd_int_status_i[4] in module sd_data_xfer_trig is either unconnected or has no load
WARNING: [Synth 8-7129] Port cmd_int_status_i[3] in module sd_data_xfer_trig is either unconnected or has no load
WARNING: [Synth 8-7129] Port cmd_int_status_i[2] in module sd_data_xfer_trig is either unconnected or has no load
WARNING: [Synth 8-7129] Port command_i[7] in module sd_cmd_master is either unconnected or has no load
WARNING: [Synth 8-7129] Port command_i[6] in module sd_cmd_master is either unconnected or has no load
WARNING: [Synth 8-7129] Port command_i[5] in module sd_cmd_master is either unconnected or has no load
WARNING: [Synth 8-7129] Port m_axi_bresp[1] in module sdc_controller is either unconnected or has no load
WARNING: [Synth 8-7129] Port m_axi_bresp[0] in module sdc_controller is either unconnected or has no load
WARNING: [Synth 8-7129] Port m_axi_rresp[1] in module sdc_controller is either unconnected or has no load
WARNING: [Synth 8-7129] Port m_axi_rresp[0] in module sdc_controller is either unconnected or has no load
---------------------------------------------------------------------------------
Finished RTL Elaboration : Time (s): cpu = 00:00:04 ; elapsed = 00:00:04 . Memory (MB): peak = 2756.344 ; gain = 0.000 ; free physical = 53806 ; free virtual = 75155
---------------------------------------------------------------------------------
---------------------------------------------------------------------------------
Start Handling Custom Attributes
---------------------------------------------------------------------------------
---------------------------------------------------------------------------------
Finished Handling Custom Attributes : Time (s): cpu = 00:00:05 ; elapsed = 00:00:05 . Memory (MB): peak = 2756.344 ; gain = 0.000 ; free physical = 54732 ; free virtual = 76081
---------------------------------------------------------------------------------
---------------------------------------------------------------------------------
Finished RTL Optimization Phase 1 : Time (s): cpu = 00:00:05 ; elapsed = 00:00:05 . Memory (MB): peak = 2756.344 ; gain = 0.000 ; free physical = 54732 ; free virtual = 76081
---------------------------------------------------------------------------------
Netlist sorting complete. Time (s): cpu = 00:00:00.03 ; elapsed = 00:00:00.03 . Memory (MB): peak = 2756.344 ; gain = 0.000 ; free physical = 54729 ; free virtual = 76079
INFO: [Netlist 29-17] Analyzing 5 Unisim elements for replacement
INFO: [Netlist 29-28] Unisim Transformation completed in 0 CPU seconds
INFO: [Project 1-570] Preparing netlist for logic optimization

Processing XDC Constraints
Initializing timing engine
Completed Processing XDC Constraints

Netlist sorting complete. Time (s): cpu = 00:00:00 ; elapsed = 00:00:00 . Memory (MB): peak = 2764.348 ; gain = 0.000 ; free physical = 54646 ; free virtual = 75995
INFO: [Project 1-111] Unisim Transformation Summary:
  A total of 5 instances were transformed.
  IOBUF => IOBUF (IBUF, OBUFT): 5 instances

Constraint Validation Runtime : Time (s): cpu = 00:00:00.05 ; elapsed = 00:00:00.06 . Memory (MB): peak = 2764.348 ; gain = 0.000 ; free physical = 54645 ; free virtual = 75995
---------------------------------------------------------------------------------
Finished Constraint Validation : Time (s): cpu = 00:00:09 ; elapsed = 00:00:09 . Memory (MB): peak = 2764.348 ; gain = 8.004 ; free physical = 54709 ; free virtual = 76058
---------------------------------------------------------------------------------
---------------------------------------------------------------------------------
Start Loading Part and Timing Information
---------------------------------------------------------------------------------
Loading part: xc7k325tffg900-2
---------------------------------------------------------------------------------
Finished Loading Part and Timing Information : Time (s): cpu = 00:00:09 ; elapsed = 00:00:09 . Memory (MB): peak = 2764.348 ; gain = 8.004 ; free physical = 54709 ; free virtual = 76058
---------------------------------------------------------------------------------
---------------------------------------------------------------------------------
Start Applying 'set_property' XDC Constraints
---------------------------------------------------------------------------------
---------------------------------------------------------------------------------
Finished applying 'set_property' XDC Constraints : Time (s): cpu = 00:00:09 ; elapsed = 00:00:09 . Memory (MB): peak = 2764.348 ; gain = 8.004 ; free physical = 54709 ; free virtual = 76058
---------------------------------------------------------------------------------
INFO: [Synth 8-802] inferred FSM for state register 'state_reg' in module 'sd_cmd_master'
INFO: [Synth 8-802] inferred FSM for state register 'state_reg' in module 'sd_cmd_serial_host'
INFO: [Synth 8-802] inferred FSM for state register 'state_reg' in module 'sd_data_master'
INFO: [Synth 8-802] inferred FSM for state register 'state_reg' in module 'sd_data_serial_host'
INFO: [Synth 8-802] inferred FSM for state register 'state_reg' in module 'sd_data_xfer_trig'
---------------------------------------------------------------------------------------------------
                   State |                     New Encoding |                Previous Encoding 
---------------------------------------------------------------------------------------------------
*
                    IDLE |                              001 |                              001
                 EXECUTE |                              010 |                              010
              BUSY_CHECK |                              100 |                              100
---------------------------------------------------------------------------------------------------
INFO: [Synth 8-3898] No Re-encoding of one hot register 'state_reg' in module 'sd_cmd_master'
---------------------------------------------------------------------------------------------------
                   State |                     New Encoding |                Previous Encoding 
---------------------------------------------------------------------------------------------------
*
                    INIT |                         00000001 |                         00000001
                    IDLE |                         00000010 |                         00000010
               SETUP_CRC |                         00000100 |                         00000100
                   WRITE |                         00001000 |                         00001000
               READ_WAIT |                         00010000 |                         00010000
                    READ |                         00100000 |                         00100000
               FINISH_WR |                         01000000 |                         01000000
               FINISH_WO |                         10000000 |                         10000000
---------------------------------------------------------------------------------------------------
INFO: [Synth 8-3898] No Re-encoding of one hot register 'state_reg' in module 'sd_cmd_serial_host'
---------------------------------------------------------------------------------------------------
                   State |                     New Encoding |                Previous Encoding 
---------------------------------------------------------------------------------------------------
*
                    IDLE |                             0001 |                             0001
           START_TX_FIFO |                             0010 |                             0010
           START_RX_FIFO |                             0100 |                             0100
           DATA_TRANSFER |                             1000 |                             1000
---------------------------------------------------------------------------------------------------
INFO: [Synth 8-3898] No Re-encoding of one hot register 'state_reg' in module 'sd_data_master'
---------------------------------------------------------------------------------------------------
                   State |                     New Encoding |                Previous Encoding 
---------------------------------------------------------------------------------------------------
*
                    IDLE |                          0000001 |                          0000001
               WRITE_DAT |                          0000010 |                          0000010
              WRITE_WAIT |                          0000100 |                          0000100
               WRITE_DRT |                          0001000 |                          0001000
              WRITE_BUSY |                          0010000 |                          0010000
               READ_WAIT |                          0100000 |                          0100000
                READ_DAT |                          1000000 |                          1000000
---------------------------------------------------------------------------------------------------
INFO: [Synth 8-3898] No Re-encoding of one hot register 'state_reg' in module 'sd_data_serial_host'
---------------------------------------------------------------------------------------------------
                   State |                     New Encoding |                Previous Encoding 
---------------------------------------------------------------------------------------------------
                    IDLE |                               00 |                               00
        WAIT_FOR_CMD_INT |                               01 |                               01
            TRIGGER_XFER |                               10 |                               10
---------------------------------------------------------------------------------------------------
INFO: [Synth 8-3354] encoded FSM with state register 'state_reg' using encoding 'sequential' in module 'sd_data_xfer_trig'
---------------------------------------------------------------------------------
Finished RTL Optimization Phase 2 : Time (s): cpu = 00:00:10 ; elapsed = 00:00:10 . Memory (MB): peak = 2764.348 ; gain = 8.004 ; free physical = 54712 ; free virtual = 76062
---------------------------------------------------------------------------------
---------------------------------------------------------------------------------
Start RTL Component Statistics 
---------------------------------------------------------------------------------
Detailed RTL Component Info : 
+---Adders : 
	   2 Input   32 Bit       Adders := 4     
	   3 Input   32 Bit       Adders := 1     
	   2 Input   30 Bit       Adders := 1     
	   2 Input   28 Bit       Adders := 1     
	   2 Input   25 Bit       Adders := 1     
	   2 Input   17 Bit       Adders := 5     
	   2 Input   16 Bit       Adders := 3     
	   2 Input   14 Bit       Adders := 1     
	   2 Input   10 Bit       Adders := 2     
	   2 Input    8 Bit       Adders := 1     
	   2 Input    7 Bit       Adders := 2     
	   2 Input    6 Bit       Adders := 13    
	   3 Input    6 Bit       Adders := 4     
	   2 Input    5 Bit       Adders := 1     
	   2 Input    4 Bit       Adders := 2     
	   2 Input    3 Bit       Adders := 1     
	   3 Input    3 Bit       Adders := 1     
	   3 Input    2 Bit       Adders := 1     
+---XORs : 
	   2 Input      1 Bit         XORs := 14    
+---Registers : 
	              128 Bit    Registers := 1     
	              120 Bit    Registers := 1     
	               40 Bit    Registers := 2     
	               32 Bit    Registers := 15    
	               30 Bit    Registers := 1     
	               28 Bit    Registers := 2     
	               25 Bit    Registers := 2     
	               16 Bit    Registers := 9     
	               14 Bit    Registers := 1     
	               12 Bit    Registers := 1     
	                8 Bit    Registers := 5     
	                7 Bit    Registers := 2     
	                6 Bit    Registers := 5     
	                5 Bit    Registers := 5     
	                4 Bit    Registers := 7     
	                3 Bit    Registers := 1     
	                2 Bit    Registers := 5     
	                1 Bit    Registers := 58    
+---RAMs : 
	               2K Bit	(64 X 32 bit)          RAMs := 2     
+---Muxes : 
	   2 Input  128 Bit        Muxes := 3     
	   9 Input  128 Bit        Muxes := 2     
	   9 Input  120 Bit        Muxes := 1     
	   2 Input   32 Bit        Muxes := 9     
	   9 Input   32 Bit        Muxes := 2     
	   8 Input   32 Bit        Muxes := 1     
	   2 Input   30 Bit        Muxes := 1     
	   5 Input   28 Bit        Muxes := 1     
	   4 Input   25 Bit        Muxes := 1     
	   2 Input   16 Bit        Muxes := 1     
	   8 Input   16 Bit        Muxes := 2     
	   9 Input    8 Bit        Muxes := 1     
	   2 Input    8 Bit        Muxes := 1     
	   5 Input    8 Bit        Muxes := 2     
	   2 Input    7 Bit        Muxes := 3     
	   9 Input    7 Bit        Muxes := 1     
	   8 Input    7 Bit        Muxes := 1     
	   2 Input    6 Bit        Muxes := 4     
	   2 Input    5 Bit        Muxes := 14    
	   4 Input    5 Bit        Muxes := 3     
	   5 Input    5 Bit        Muxes := 1     
	   8 Input    5 Bit        Muxes := 1     
	   2 Input    4 Bit        Muxes := 16    
	   5 Input    4 Bit        Muxes := 1     
	   8 Input    4 Bit        Muxes := 6     
	   4 Input    3 Bit        Muxes := 1     
	   2 Input    3 Bit        Muxes := 3     
	   8 Input    2 Bit        Muxes := 1     
	   2 Input    2 Bit        Muxes := 9     
	   3 Input    2 Bit        Muxes := 1     
	   2 Input    1 Bit        Muxes := 87    
	   4 Input    1 Bit        Muxes := 12    
	   3 Input    1 Bit        Muxes := 8     
	   9 Input    1 Bit        Muxes := 22    
	   5 Input    1 Bit        Muxes := 10    
	   8 Input    1 Bit        Muxes := 21    
	  16 Input    1 Bit        Muxes := 18    
---------------------------------------------------------------------------------
Finished RTL Component Statistics 
---------------------------------------------------------------------------------
---------------------------------------------------------------------------------
Start Part Resource Summary
---------------------------------------------------------------------------------
Part Resources:
DSPs: 840 (col length:140)
BRAMs: 890 (col length: RAMB18 140 RAMB36 70)
---------------------------------------------------------------------------------
Finished Part Resource Summary
---------------------------------------------------------------------------------
---------------------------------------------------------------------------------
Start Cross Boundary and Area Optimization
---------------------------------------------------------------------------------
WARNING: [Synth 8-7080] Parallel synthesis criteria is not met
WARNING: [Synth 8-7129] Port m_axi_bresp[1] in module riscv_SD_0 is either unconnected or has no load
WARNING: [Synth 8-7129] Port m_axi_bresp[0] in module riscv_SD_0 is either unconnected or has no load
WARNING: [Synth 8-7129] Port m_axi_rresp[1] in module riscv_SD_0 is either unconnected or has no load
WARNING: [Synth 8-7129] Port m_axi_rresp[0] in module riscv_SD_0 is either unconnected or has no load
---------------------------------------------------------------------------------
Finished Cross Boundary and Area Optimization : Time (s): cpu = 00:00:19 ; elapsed = 00:00:20 . Memory (MB): peak = 2764.348 ; gain = 8.004 ; free physical = 54666 ; free virtual = 76023
---------------------------------------------------------------------------------
---------------------------------------------------------------------------------
Start ROM, RAM, DSP, Shift Register and Retiming Reporting
---------------------------------------------------------------------------------

Distributed RAM: Preliminary Mapping Report (see note below)
+------------+--------------------------------------+-----------+----------------------+--------------+
|Module Name | RTL Object                           | Inference | Size (Depth x Width) | Primitives   | 
+------------+--------------------------------------+-----------+----------------------+--------------+
|riscv_SD_0  | inst/sd_fifo_filler0/rx_fifo/mem_reg | Implied   | 64 x 32              | RAM64M x 11  | 
|riscv_SD_0  | inst/sd_fifo_filler0/tx_fifo/mem_reg | Implied   | 64 x 32              | RAM64M x 11  | 
+------------+--------------------------------------+-----------+----------------------+--------------+

Note: The table above is a preliminary report that shows the Distributed RAMs at the current stage of the synthesis flow. Some Distributed RAMs may be reimplemented as non Distributed RAM primitives later in the synthesis flow. Multiple instantiated RAMs are reported only once.
---------------------------------------------------------------------------------
Finished ROM, RAM, DSP, Shift Register and Retiming Reporting
---------------------------------------------------------------------------------
---------------------------------------------------------------------------------
Start Applying XDC Timing Constraints
---------------------------------------------------------------------------------
---------------------------------------------------------------------------------
Finished Applying XDC Timing Constraints : Time (s): cpu = 00:00:22 ; elapsed = 00:00:23 . Memory (MB): peak = 2764.348 ; gain = 8.004 ; free physical = 54573 ; free virtual = 75930
---------------------------------------------------------------------------------
---------------------------------------------------------------------------------
Start Timing Optimization
---------------------------------------------------------------------------------
---------------------------------------------------------------------------------
Finished Timing Optimization : Time (s): cpu = 00:00:23 ; elapsed = 00:00:23 . Memory (MB): peak = 2764.348 ; gain = 8.004 ; free physical = 54572 ; free virtual = 75929
---------------------------------------------------------------------------------
---------------------------------------------------------------------------------
Start ROM, RAM, DSP, Shift Register and Retiming Reporting
---------------------------------------------------------------------------------

Distributed RAM: Final Mapping Report
+------------+--------------------------------------+-----------+----------------------+--------------+
|Module Name | RTL Object                           | Inference | Size (Depth x Width) | Primitives   | 
+------------+--------------------------------------+-----------+----------------------+--------------+
|riscv_SD_0  | inst/sd_fifo_filler0/rx_fifo/mem_reg | Implied   | 64 x 32              | RAM64M x 11  | 
|riscv_SD_0  | inst/sd_fifo_filler0/tx_fifo/mem_reg | Implied   | 64 x 32              | RAM64M x 11  | 
+------------+--------------------------------------+-----------+----------------------+--------------+

---------------------------------------------------------------------------------
Finished ROM, RAM, DSP, Shift Register and Retiming Reporting
---------------------------------------------------------------------------------
---------------------------------------------------------------------------------
Start Technology Mapping
---------------------------------------------------------------------------------
---------------------------------------------------------------------------------
Finished Technology Mapping : Time (s): cpu = 00:00:23 ; elapsed = 00:00:24 . Memory (MB): peak = 2764.348 ; gain = 8.004 ; free physical = 54554 ; free virtual = 75911
---------------------------------------------------------------------------------
---------------------------------------------------------------------------------
Start IO Insertion
---------------------------------------------------------------------------------
---------------------------------------------------------------------------------
Start Flattening Before IO Insertion
---------------------------------------------------------------------------------
---------------------------------------------------------------------------------
Finished Flattening Before IO Insertion
---------------------------------------------------------------------------------
---------------------------------------------------------------------------------
Start Final Netlist Cleanup
---------------------------------------------------------------------------------
---------------------------------------------------------------------------------
Finished Final Netlist Cleanup
---------------------------------------------------------------------------------
---------------------------------------------------------------------------------
Finished IO Insertion : Time (s): cpu = 00:00:26 ; elapsed = 00:00:27 . Memory (MB): peak = 2764.348 ; gain = 8.004 ; free physical = 54554 ; free virtual = 75911
---------------------------------------------------------------------------------
---------------------------------------------------------------------------------
Start Renaming Generated Instances
---------------------------------------------------------------------------------
---------------------------------------------------------------------------------
Finished Renaming Generated Instances : Time (s): cpu = 00:00:26 ; elapsed = 00:00:27 . Memory (MB): peak = 2764.348 ; gain = 8.004 ; free physical = 54554 ; free virtual = 75911
---------------------------------------------------------------------------------
---------------------------------------------------------------------------------
Start Rebuilding User Hierarchy
---------------------------------------------------------------------------------
---------------------------------------------------------------------------------
Finished Rebuilding User Hierarchy : Time (s): cpu = 00:00:26 ; elapsed = 00:00:27 . Memory (MB): peak = 2764.348 ; gain = 8.004 ; free physical = 54554 ; free virtual = 75911
---------------------------------------------------------------------------------
---------------------------------------------------------------------------------
Start Renaming Generated Ports
---------------------------------------------------------------------------------
---------------------------------------------------------------------------------
Finished Renaming Generated Ports : Time (s): cpu = 00:00:26 ; elapsed = 00:00:27 . Memory (MB): peak = 2764.348 ; gain = 8.004 ; free physical = 54554 ; free virtual = 75911
---------------------------------------------------------------------------------
---------------------------------------------------------------------------------
Start Handling Custom Attributes
---------------------------------------------------------------------------------
---------------------------------------------------------------------------------
Finished Handling Custom Attributes : Time (s): cpu = 00:00:26 ; elapsed = 00:00:27 . Memory (MB): peak = 2764.348 ; gain = 8.004 ; free physical = 54554 ; free virtual = 75911
---------------------------------------------------------------------------------
---------------------------------------------------------------------------------
Start Renaming Generated Nets
---------------------------------------------------------------------------------
---------------------------------------------------------------------------------
Finished Renaming Generated Nets : Time (s): cpu = 00:00:26 ; elapsed = 00:00:27 . Memory (MB): peak = 2764.348 ; gain = 8.004 ; free physical = 54554 ; free virtual = 75911
---------------------------------------------------------------------------------
---------------------------------------------------------------------------------
Start Writing Synthesis Report
---------------------------------------------------------------------------------

Report BlackBoxes: 
+-+--------------+----------+
| |BlackBox name |Instances |
+-+--------------+----------+
+-+--------------+----------+

Report Cell Usage: 
+------+-------+------+
|      |Cell   |Count |
+------+-------+------+
|1     |CARRY4 |   172|
|2     |LUT1   |    61|
|3     |LUT2   |   562|
|4     |LUT3   |   152|
|5     |LUT4   |   272|
|6     |LUT5   |   328|
|7     |LUT6   |   536|
|8     |RAM64M |    22|
|9     |FDCE   |     7|
|10    |FDRE   |  1300|
|11    |FDSE   |    25|
|12    |IOBUF  |     5|
+------+-------+------+
---------------------------------------------------------------------------------
Finished Writing Synthesis Report : Time (s): cpu = 00:00:26 ; elapsed = 00:00:27 . Memory (MB): peak = 2764.348 ; gain = 8.004 ; free physical = 54554 ; free virtual = 75911
---------------------------------------------------------------------------------
Synthesis finished with 0 errors, 0 critical warnings and 5 warnings.
Synthesis Optimization Runtime : Time (s): cpu = 00:00:25 ; elapsed = 00:00:25 . Memory (MB): peak = 2764.348 ; gain = 0.000 ; free physical = 54617 ; free virtual = 75974
Synthesis Optimization Complete : Time (s): cpu = 00:00:27 ; elapsed = 00:00:27 . Memory (MB): peak = 2764.355 ; gain = 8.004 ; free physical = 54617 ; free virtual = 75974
INFO: [Project 1-571] Translating synthesized netlist
Netlist sorting complete. Time (s): cpu = 00:00:00.02 ; elapsed = 00:00:00.02 . Memory (MB): peak = 2764.355 ; gain = 0.000 ; free physical = 54708 ; free virtual = 76065
INFO: [Netlist 29-17] Analyzing 199 Unisim elements for replacement
INFO: [Netlist 29-28] Unisim Transformation completed in 0 CPU seconds
INFO: [Project 1-570] Preparing netlist for logic optimization
INFO: [Opt 31-138] Pushed 0 inverter(s) to 0 load pin(s).
Netlist sorting complete. Time (s): cpu = 00:00:00 ; elapsed = 00:00:00 . Memory (MB): peak = 2764.355 ; gain = 0.000 ; free physical = 54640 ; free virtual = 75997
INFO: [Project 1-111] Unisim Transformation Summary:
  A total of 27 instances were transformed.
  IOBUF => IOBUF (IBUF, OBUFT): 5 instances
  RAM64M => RAM64M (RAMD64E(x4)): 22 instances

Synth Design complete, checksum: 41629044
INFO: [Common 17-83] Releasing license: Synthesis
58 Infos, 20 Warnings, 0 Critical Warnings and 0 Errors encountered.
synth_design completed successfully
synth_design: Time (s): cpu = 00:00:34 ; elapsed = 00:00:31 . Memory (MB): peak = 2764.355 ; gain = 16.016 ; free physical = 54824 ; free virtual = 76181
INFO: [Common 17-600] The following parameters have non-default value.
general.maxThreads
INFO: [Common 17-1381] The checkpoint '/home/lee/rebuild_oled_switch_cmd/vivado-risc-v/workspace/rocket64b1/vivado-genesys2-riscv/genesys2-riscv.runs/riscv_SD_0_synth_1/riscv_SD_0.dcp' has been generated.
INFO: [Coretcl 2-1648] Added synthesis output to IP cache for IP riscv_SD_0, cache-ID = d1a091cb09524718
INFO: [Coretcl 2-1174] Renamed 14 cell refs.
INFO: [Common 17-1381] The checkpoint '/home/lee/rebuild_oled_switch_cmd/vivado-risc-v/workspace/rocket64b1/vivado-genesys2-riscv/genesys2-riscv.runs/riscv_SD_0_synth_1/riscv_SD_0.dcp' has been generated.
INFO: [runtcl-4] Executing : report_utilization -file riscv_SD_0_utilization_synth.rpt -pb riscv_SD_0_utilization_synth.pb
INFO: [Common 17-206] Exiting Vivado at Sat Mar  4 19:17:51 2023...
