Copyright 1986-2021 Xilinx, Inc. All Rights Reserved.
------------------------------------------------------------------------------------
| Tool Version : Vivado v.2021.2 (lin64) Build 3367213 Tue Oct 19 02:47:39 MDT 2021
| Date         : Sat Mar  4 20:37:05 2023
| Host         : lee-virtual-machine running 64-bit Ubuntu 20.04.5 LTS
| Command      : upgrade_ip
| Device       : xc7k325tffg900-2
------------------------------------------------------------------------------------

Upgrade Log for IP 'init_sequence_rom'

1. Summary
----------

SUCCESS in the upgrade of init_sequence_rom from xilinx.com:ip:blk_mem_gen:8.3 (Rev. 5) to xilinx.com:ip:blk_mem_gen:8.4 (Rev. 5)






Copyright 1986-2021 Xilinx, Inc. All Rights Reserved.
------------------------------------------------------------------------------------
| Tool Version : Vivado v.2021.2 (lin64) Build 3367213 Tue Oct 19 02:47:39 MDT 2021
| Date         : Sat Mar  4 20:36:13 2023
| Host         : lee-virtual-machine running 64-bit Ubuntu 20.04.5 LTS
| Command      : upgrade_ip
| Device       : xc7k325tffg900-2
------------------------------------------------------------------------------------

Upgrade Log for IP 'pixel_buffer'

1. Summary
----------

SUCCESS in the upgrade of pixel_buffer from xilinx.com:ip:blk_mem_gen:8.3 (Rev. 5) to xilinx.com:ip:blk_mem_gen:8.4 (Rev. 5)






Copyright 1986-2021 Xilinx, Inc. All Rights Reserved.
------------------------------------------------------------------------------------
| Tool Version : Vivado v.2021.2 (lin64) Build 3367213 Tue Oct 19 02:47:39 MDT 2021
| Date         : Sat Mar  4 20:35:22 2023
| Host         : lee-virtual-machine running 64-bit Ubuntu 20.04.5 LTS
| Command      : upgrade_ip
| Device       : xc7k325tffg900-2
------------------------------------------------------------------------------------

Upgrade Log for IP 'charLib'

1. Summary
----------

SUCCESS in the conversion of charLib (xilinx.com:ip:blk_mem_gen:8.4 (Rev. 5)) to Vivado generation flows.

