#-----------------------------------------------------------
# Vivado v2021.2 (64-bit)
# SW Build 3367213 on Tue Oct 19 02:47:39 MDT 2021
# IP Build 3369179 on Thu Oct 21 08:25:16 MDT 2021
# Start of session at: Thu Apr  6 07:10:42 2023
# Process ID: 1690527
# Current directory: /home/lee/rebuild_oled_switch_cmd/vivado-risc-v/workspace/rocket64b1/vivado-genesys2-riscv
# Command line: vivado genesys2-riscv.xpr
# Log file: /home/lee/rebuild_oled_switch_cmd/vivado-risc-v/workspace/rocket64b1/vivado-genesys2-riscv/vivado.log
# Journal file: /home/lee/rebuild_oled_switch_cmd/vivado-risc-v/workspace/rocket64b1/vivado-genesys2-riscv/vivado.jou
# Running On: lee-virtual-machine, OS: Linux, CPU Frequency: 3600.000 MHz, CPU Physical cores: 6, Host memory: 63805 MB
#-----------------------------------------------------------
start_gui
open_project genesys2-riscv.xpr
WARNING: [Board 49-26] cannot add Board Part xilinx.com:vck190_es:part0:1.3 available at /opt/Xilinx/Vivado/2021.2/data/xhub/boards/XilinxBoardStore/boards/Xilinx/vck190/es/1.3/board.xml as part xcvc1902-vsva2197-2mp-e-s-es1 specified in board_part file is either invalid or not available
WARNING: [Board 49-26] cannot add Board Part xilinx.com:vmk180_es:part0:1.3 available at /opt/Xilinx/Vivado/2021.2/data/xhub/boards/XilinxBoardStore/boards/Xilinx/vmk180/es/1.3/board.xml as part xcvm1802-vsva2197-2mp-e-s-es1 specified in board_part file is either invalid or not available
WARNING: [Board 49-26] cannot add Board Part xilinx.com:vpk120_es:part0:1.2 available at /opt/Xilinx/Vivado/2021.2/data/xhub/boards/XilinxBoardStore/boards/Xilinx/vpk120/es/1.2/board.xml as part xcvp1202-vsva2785-2mp-e-s-es1 specified in board_part file is either invalid or not available
WARNING: [Board 49-26] cannot add Board Part xilinx.com:zcu208_es:part0:1.0 available at /opt/Xilinx/Vivado/2021.2/data/xhub/boards/XilinxBoardStore/boards/Xilinx/zcu208/es/1.0/board.xml as part xczu48dr-fsvg1517-2-e-es1 specified in board_part file is either invalid or not available
WARNING: [Board 49-26] cannot add Board Part xilinx.com:zcu208_es:part0:1.1 available at /opt/Xilinx/Vivado/2021.2/data/xhub/boards/XilinxBoardStore/boards/Xilinx/zcu208/es/1.1/board.xml as part xczu48dr-fsvg1517-2-e-es1 specified in board_part file is either invalid or not available
WARNING: [Board 49-26] cannot add Board Part xilinx.com:zcu208_es:part0:1.2 available at /opt/Xilinx/Vivado/2021.2/data/xhub/boards/XilinxBoardStore/boards/Xilinx/zcu208/es/1.2/board.xml as part xczu48dr-fsvg1517-2-e-es1 specified in board_part file is either invalid or not available
WARNING: [Board 49-26] cannot add Board Part xilinx.com:zcu208ld:part0:2.0 available at /opt/Xilinx/Vivado/2021.2/data/xhub/boards/XilinxBoardStore/boards/Xilinx/zcu208ld/production/2.0/board.xml as part xczu58dr-fsvg1517-2-i specified in board_part file is either invalid or not available
WARNING: [Board 49-26] cannot add Board Part xilinx.com:zcu208ld_es:part0:1.0 available at /opt/Xilinx/Vivado/2021.2/data/xhub/boards/XilinxBoardStore/boards/Xilinx/zcu208ld/es/1.0/board.xml as part xczu58dr-fsvg1517-2-i-es1 specified in board_part file is either invalid or not available
WARNING: [Board 49-26] cannot add Board Part xilinx.com:zcu216_es:part0:1.0 available at /opt/Xilinx/Vivado/2021.2/data/xhub/boards/XilinxBoardStore/boards/Xilinx/zcu216/es/1.0/board.xml as part xczu49dr-ffvf1760-2-e-es1 specified in board_part file is either invalid or not available
WARNING: [Board 49-26] cannot add Board Part xilinx.com:zcu216_es:part0:1.1 available at /opt/Xilinx/Vivado/2021.2/data/xhub/boards/XilinxBoardStore/boards/Xilinx/zcu216/es/1.1/board.xml as part xczu49dr-ffvf1760-2-e-es1 specified in board_part file is either invalid or not available
WARNING: [Board 49-26] cannot add Board Part xilinx.com:zcu216_es:part0:1.2 available at /opt/Xilinx/Vivado/2021.2/data/xhub/boards/XilinxBoardStore/boards/Xilinx/zcu216/es/1.2/board.xml as part xczu49dr-ffvf1760-2-e-es1 specified in board_part file is either invalid or not available
WARNING: [Board 49-26] cannot add Board Part xilinx.com:zcu216ld:part0:2.0 available at /opt/Xilinx/Vivado/2021.2/data/xhub/boards/XilinxBoardStore/boards/Xilinx/zcu216ld/production/2.0/board.xml as part xczu59dr-ffvf1760-2-i specified in board_part file is either invalid or not available
WARNING: [Board 49-26] cannot add Board Part xilinx.com:zcu216ld_es:part0:1.0 available at /opt/Xilinx/Vivado/2021.2/data/xhub/boards/XilinxBoardStore/boards/Xilinx/zcu216ld/es/1.0/board.xml as part xczu59dr-ffvf1760-2-i-es1 specified in board_part file is either invalid or not available
WARNING: [Board 49-26] cannot add Board Part xilinx.com:zcu670:part0:1.0 available at /opt/Xilinx/Vivado/2021.2/data/xhub/boards/XilinxBoardStore/boards/Xilinx/zcu670/1.0/board.xml as part xczu67dr-fsve1156-2-i specified in board_part file is either invalid or not available
Scanning sources...
Finished scanning sources
INFO: [IP_Flow 19-234] Refreshing IP repositories
INFO: [IP_Flow 19-1704] No user IP repositories specified
INFO: [IP_Flow 19-2313] Loaded Vivado IP repository '/opt/Xilinx/Vivado/2021.2/data/ip'.
open_project: Time (s): cpu = 00:00:20 ; elapsed = 00:00:13 . Memory (MB): peak = 7870.848 ; gain = 130.270 ; free physical = 31588 ; free virtual = 71818
update_compile_order -fileset sources_1
open_hw_manager
connect_hw_server -allow_non_jtag
INFO: [Labtools 27-2285] Connecting to hw_server url TCP:localhost:3121
INFO: [Labtools 27-2222] Launching hw_server...
INFO: [Labtools 27-2221] Launch Output:

****** Xilinx hw_server v2021.2
  **** Build date : Oct 19 2021 at 03:13:42
    ** Copyright 1986-2021 Xilinx, Inc. All Rights Reserved.


INFO: [Labtools 27-3415] Connecting to cs_server url TCP:localhost:3042
INFO: [Labtools 27-3417] Launching cs_server...
INFO: [Labtools 27-2221] Launch Output:


******** Xilinx cs_server v2021.2.0
  ****** Build date   : Sep 28 2021-06:44:20
    **** Build number : 2021.2.1632779060
      ** Copyright 2017-2023 Xilinx, Inc. All Rights Reserved.



open_hw_target
INFO: [Labtoolstcl 44-466] Opening hw_target localhost:3121/xilinx_tcf/Digilent/200300B7B77BB
set_property PROGRAM.FILE {/home/lee/rebuild_oled_switch_cmd/vivado-risc-v/workspace/rocket64b1/vivado-genesys2-riscv/genesys2-riscv.runs/impl_1/riscv_wrapper.bit} [get_hw_devices xc7k325t_0]
current_hw_device [get_hw_devices xc7k325t_0]
refresh_hw_device -update_hw_probes false [lindex [get_hw_devices xc7k325t_0] 0]
INFO: [Labtools 27-1435] Device xc7k325t (JTAG device index = 0) is not programmed (DONE status = 0).
set_property PROBES.FILE {} [get_hw_devices xc7k325t_0]
set_property FULL_PROBES.FILE {} [get_hw_devices xc7k325t_0]
set_property PROGRAM.FILE {/home/lee/rebuild_oled_switch_cmd/vivado-risc-v/workspace/rocket64b1/vivado-genesys2-riscv/genesys2-riscv.runs/impl_1/riscv_wrapper.bit} [get_hw_devices xc7k325t_0]
program_hw_devices [get_hw_devices xc7k325t_0]
INFO: [Labtools 27-3164] End of startup status: HIGH
program_hw_devices: Time (s): cpu = 00:00:05 ; elapsed = 00:00:05 . Memory (MB): peak = 9070.625 ; gain = 0.000 ; free physical = 27019 ; free virtual = 67318
refresh_hw_device [lindex [get_hw_devices xc7k325t_0] 0]
INFO: [Labtools 27-1434] Device xc7k325t (JTAG device index = 0) is programmed with a design that has no supported debug core(s) in it.
set_property PROBES.FILE {} [get_hw_devices xc7k325t_0]
set_property FULL_PROBES.FILE {} [get_hw_devices xc7k325t_0]
set_property PROGRAM.FILE {/home/lee/rebuild_oled_switch_cmd/vivado-risc-v/workspace/rocket64b1/vivado-genesys2-riscv/genesys2-riscv.runs/impl_1/riscv_wrapper.bit} [get_hw_devices xc7k325t_0]
program_hw_devices [get_hw_devices xc7k325t_0]
INFO: [Labtools 27-3164] End of startup status: HIGH
program_hw_devices: Time (s): cpu = 00:00:05 ; elapsed = 00:00:05 . Memory (MB): peak = 9070.625 ; gain = 0.000 ; free physical = 26993 ; free virtual = 67295
refresh_hw_device [lindex [get_hw_devices xc7k325t_0] 0]
INFO: [Labtools 27-1434] Device xc7k325t (JTAG device index = 0) is programmed with a design that has no supported debug core(s) in it.
set_property PROBES.FILE {} [get_hw_devices xc7k325t_0]
set_property FULL_PROBES.FILE {} [get_hw_devices xc7k325t_0]
set_property PROGRAM.FILE {/home/lee/rebuild_oled_switch_cmd/vivado-risc-v/workspace/rocket64b1/vivado-genesys2-riscv/genesys2-riscv.runs/impl_1/riscv_wrapper.bit} [get_hw_devices xc7k325t_0]
program_hw_devices [get_hw_devices xc7k325t_0]
INFO: [Labtools 27-3164] End of startup status: HIGH
program_hw_devices: Time (s): cpu = 00:00:05 ; elapsed = 00:00:05 . Memory (MB): peak = 9079.625 ; gain = 0.000 ; free physical = 26947 ; free virtual = 67251
refresh_hw_device [lindex [get_hw_devices xc7k325t_0] 0]
INFO: [Labtools 27-1434] Device xc7k325t (JTAG device index = 0) is programmed with a design that has no supported debug core(s) in it.
set_property PROBES.FILE {} [get_hw_devices xc7k325t_0]
set_property FULL_PROBES.FILE {} [get_hw_devices xc7k325t_0]
set_property PROGRAM.FILE {/home/lee/rebuild_oled_switch_cmd/vivado-risc-v/workspace/rocket64b1/vivado-genesys2-riscv/genesys2-riscv.runs/impl_1/riscv_wrapper.bit} [get_hw_devices xc7k325t_0]
program_hw_devices [get_hw_devices xc7k325t_0]
INFO: [Labtools 27-3164] End of startup status: HIGH
program_hw_devices: Time (s): cpu = 00:00:05 ; elapsed = 00:00:05 . Memory (MB): peak = 9079.625 ; gain = 0.000 ; free physical = 26942 ; free virtual = 67248
refresh_hw_device [lindex [get_hw_devices xc7k325t_0] 0]
INFO: [Labtools 27-1434] Device xc7k325t (JTAG device index = 0) is programmed with a design that has no supported debug core(s) in it.
update_module_reference riscv_RocketChip_0
INFO: [IP_Flow 19-5107] Inferred bus interface 'clock' of definition 'xilinx.com:signal:clock:1.0' (from X_INTERFACE_INFO parameter from HDL file).
INFO: [IP_Flow 19-5107] Inferred bus interface 'clock' of definition 'xilinx.com:signal:clock:1.0' (from 'X_INTERFACE_INFO' attribute).
INFO: [IP_Flow 19-5107] Inferred bus interface 'sys_reset' of definition 'xilinx.com:signal:reset:1.0' (from X_INTERFACE_INFO parameter from HDL file).
INFO: [IP_Flow 19-5107] Inferred bus interface 'sys_reset' of definition 'xilinx.com:signal:reset:1.0' (from 'X_INTERFACE_INFO' attribute).
INFO: [IP_Flow 19-5107] Inferred bus interface 'aresetn' of definition 'xilinx.com:signal:reset:1.0' (from X_INTERFACE_INFO parameter from HDL file).
INFO: [IP_Flow 19-5107] Inferred bus interface 'aresetn' of definition 'xilinx.com:signal:reset:1.0' (from 'X_INTERFACE_INFO' attribute).
INFO: [IP_Flow 19-5107] Inferred bus interface 'MEM_AXI4' of definition 'xilinx.com:interface:aximm:1.0' (from X_INTERFACE_INFO parameter from HDL file).
INFO: [IP_Flow 19-5107] Inferred bus interface 'MEM_AXI4' of definition 'xilinx.com:interface:aximm:1.0' (from 'X_INTERFACE_INFO' attribute).
INFO: [IP_Flow 19-5107] Inferred bus interface 'IO_AXI4' of definition 'xilinx.com:interface:aximm:1.0' (from X_INTERFACE_INFO parameter from HDL file).
INFO: [IP_Flow 19-5107] Inferred bus interface 'IO_AXI4' of definition 'xilinx.com:interface:aximm:1.0' (from 'X_INTERFACE_INFO' attribute).
INFO: [IP_Flow 19-5107] Inferred bus interface 'DMA_AXI4' of definition 'xilinx.com:interface:aximm:1.0' (from X_INTERFACE_INFO parameter from HDL file).
INFO: [IP_Flow 19-5107] Inferred bus interface 'DMA_AXI4' of definition 'xilinx.com:interface:aximm:1.0' (from 'X_INTERFACE_INFO' attribute).
INFO: [IP_Flow 19-5107] Inferred bus interface 'clock_ok' of definition 'xilinx.com:signal:clock:1.0' (from Xilinx Repository).
INFO: [IP_Flow 19-4728] Bus Interface 'clock': Added interface parameter 'ASSOCIATED_BUSIF' with value 'MEM_AXI4'.
INFO: [IP_Flow 19-4728] Bus Interface 'clock': Added interface parameter 'ASSOCIATED_RESET' with value 'aresetn'.
INFO: [IP_Flow 19-4728] Bus Interface 'sys_reset': Added interface parameter 'POLARITY' with value 'ACTIVE_HIGH'.
INFO: [IP_Flow 19-4728] Bus Interface 'aresetn': Added interface parameter 'POLARITY' with value 'ACTIVE_LOW'.
INFO: [IP_Flow 19-4728] Bus Interface 'MEM_AXI4': Added interface parameter 'PROTOCOL' with value 'AXI4'.
INFO: [IP_Flow 19-4728] Bus Interface 'MEM_AXI4': Added interface parameter 'ADDR_WIDTH' with value '32'.
INFO: [IP_Flow 19-4728] Bus Interface 'MEM_AXI4': Added interface parameter 'DATA_WIDTH' with value '64'.
INFO: [IP_Flow 19-4728] Bus Interface 'IO_AXI4': Added interface parameter 'PROTOCOL' with value 'AXI4'.
INFO: [IP_Flow 19-4728] Bus Interface 'IO_AXI4': Added interface parameter 'ADDR_WIDTH' with value '31'.
INFO: [IP_Flow 19-4728] Bus Interface 'IO_AXI4': Added interface parameter 'DATA_WIDTH' with value '64'.
INFO: [IP_Flow 19-4728] Bus Interface 'DMA_AXI4': Added interface parameter 'PROTOCOL' with value 'AXI4'.
INFO: [IP_Flow 19-4728] Bus Interface 'DMA_AXI4': Added interface parameter 'ADDR_WIDTH' with value '32'.
INFO: [IP_Flow 19-4728] Bus Interface 'DMA_AXI4': Added interface parameter 'DATA_WIDTH' with value '64'.
WARNING: [IP_Flow 19-5661] Bus Interface 'clock_ok' does not have any bus interfaces associated with it.
INFO: [IP_Flow 19-234] Refreshing IP repositories
INFO: [IP_Flow 19-1704] No user IP repositories specified
Reading block design file </home/lee/rebuild_oled_switch_cmd/vivado-risc-v/workspace/rocket64b1/vivado-genesys2-riscv/genesys2-riscv.srcs/sources_1/bd/riscv/riscv.bd>...
Adding component instance block -- xilinx.com:ip:smartconnect:1.0 - axi_smc_1
Adding component instance block -- xilinx.com:module_ref:mem_reset_control:1.0 - mem_reset_control_0
Adding component instance block -- xilinx.com:ip:mig_7series:4.2 - mig_7series_0
Adding component instance block -- xilinx.com:module_ref:ethernet:1.0 - Ethernet
Adding component instance block -- xilinx.com:module_ref:sdc_controller:1.0 - SD
Adding component instance block -- xilinx.com:module_ref:uart:1.0 - UART
Adding component instance block -- xilinx.com:ip:xadc_wiz:3.3 - XADC
Adding component instance block -- xilinx.com:module_ref:ethernet_genesys2:1.0 - ethernet_stream_0
Adding component instance block -- xilinx.com:ip:smartconnect:1.0 - io_axi_m
Adding component instance block -- xilinx.com:ip:smartconnect:1.0 - io_axi_s
Adding component instance block -- xilinx.com:ip:xlconcat:2.1 - xlconcat_0
Adding component instance block -- xilinx.com:ip:clk_wiz:6.0 - clk_wiz_0
Adding component instance block -- xilinx.com:ip:util_ds_buf:2.2 - util_ds_buf_0
Adding component instance block -- xilinx.com:ip:util_vector_logic:2.0 - util_vector_logic_0
Adding component instance block -- xilinx.com:module_ref:Rocket64b1:1.0 - RocketChip
Successfully read diagram <riscv> from block design file </home/lee/rebuild_oled_switch_cmd/vivado-risc-v/workspace/rocket64b1/vivado-genesys2-riscv/genesys2-riscv.srcs/sources_1/bd/riscv/riscv.bd>
Upgrading '/home/lee/rebuild_oled_switch_cmd/vivado-risc-v/workspace/rocket64b1/vivado-genesys2-riscv/genesys2-riscv.srcs/sources_1/bd/riscv/riscv.bd'
delete_fileset: Time (s): cpu = 00:00:15 ; elapsed = 00:00:11 . Memory (MB): peak = 10793.301 ; gain = 132.855 ; free physical = 26385 ; free virtual = 66640
delete_ip_run: Time (s): cpu = 00:00:17 ; elapsed = 00:00:12 . Memory (MB): peak = 10793.301 ; gain = 1200.109 ; free physical = 26385 ; free virtual = 66640
INFO: [IP_Flow 19-3420] Updated riscv_RocketChip_0 to use current project options
Wrote  : </home/lee/rebuild_oled_switch_cmd/vivado-risc-v/workspace/rocket64b1/vivado-genesys2-riscv/genesys2-riscv.srcs/sources_1/bd/riscv/riscv.bd> 
upgrade_ip: Time (s): cpu = 00:00:28 ; elapsed = 00:00:20 . Memory (MB): peak = 10793.301 ; gain = 1534.879 ; free physical = 26620 ; free virtual = 66634
update_module_reference: Time (s): cpu = 00:00:47 ; elapsed = 00:00:27 . Memory (MB): peak = 10793.301 ; gain = 1632.781 ; free physical = 26620 ; free virtual = 66634
reset_run synth_1
INFO: [Project 1-1161] Replacing file /home/lee/rebuild_oled_switch_cmd/vivado-risc-v/workspace/rocket64b1/vivado-genesys2-riscv/genesys2-riscv.srcs/utils_1/imports/synth_1/riscv_wrapper.dcp with file /home/lee/rebuild_oled_switch_cmd/vivado-risc-v/workspace/rocket64b1/vivado-genesys2-riscv/genesys2-riscv.runs/synth_1/riscv_wrapper.dcp
launch_runs impl_1 -to_step write_bitstream
INFO: [xilinx.com:ip:smartconnect:1.0-1] riscv_io_axi_m_0: SmartConnect riscv_io_axi_m_0 is in High-performance Mode.
INFO: [xilinx.com:ip:smartconnect:1.0-1] riscv_axi_smc_1_0: SmartConnect riscv_axi_smc_1_0 is in High-performance Mode.
INFO: [xilinx.com:ip:smartconnect:1.0-1] riscv_io_axi_s_0: SmartConnect riscv_io_axi_s_0 is in Low-Area Mode.
WARNING: [xilinx.com:ip:smartconnect:1.0-1] riscv_io_axi_s_0: IP riscv_io_axi_s_0 is configured in Low-area mode as all propagated traffic is low-bandwidth (AXI4LITE). SI S00_AXI has property HAS_BURST == 1. WRAP bursts are not supported in Low-area mode and will result in DECERR if received.
WARNING: [xilinx.com:ip:smartconnect:1.0-1] riscv_io_axi_s_0: If WRAP transactions are required then turn off Low-area mode using ADVANCED_PROPERTIES. Execute following: set_property CONFIG.ADVANCED_PROPERTIES {__experimental_features__ {disable_low_area_mode 1}} [get_bd_cells /riscv_io_axi_s_0]
INFO: [xilinx.com:ip:clk_wiz:6.0-1] /clk_wiz_0 clk_wiz propagate
Wrote  : </home/lee/rebuild_oled_switch_cmd/vivado-risc-v/workspace/rocket64b1/vivado-genesys2-riscv/genesys2-riscv.srcs/sources_1/bd/riscv/riscv.bd> 
VHDL Output written to : /home/lee/rebuild_oled_switch_cmd/vivado-risc-v/workspace/rocket64b1/vivado-genesys2-riscv/genesys2-riscv.gen/sources_1/bd/riscv/synth/riscv.v
VHDL Output written to : /home/lee/rebuild_oled_switch_cmd/vivado-risc-v/workspace/rocket64b1/vivado-genesys2-riscv/genesys2-riscv.gen/sources_1/bd/riscv/sim/riscv.v
VHDL Output written to : /home/lee/rebuild_oled_switch_cmd/vivado-risc-v/workspace/rocket64b1/vivado-genesys2-riscv/genesys2-riscv.gen/sources_1/bd/riscv/hdl/riscv_wrapper.v
Exporting to file /home/lee/rebuild_oled_switch_cmd/vivado-risc-v/workspace/rocket64b1/vivado-genesys2-riscv/genesys2-riscv.gen/sources_1/bd/riscv/ip/riscv_axi_smc_1_0/bd_0/hw_handoff/riscv_axi_smc_1_0.hwh
Generated Hardware Definition File /home/lee/rebuild_oled_switch_cmd/vivado-risc-v/workspace/rocket64b1/vivado-genesys2-riscv/genesys2-riscv.gen/sources_1/bd/riscv/ip/riscv_axi_smc_1_0/bd_0/synth/riscv_axi_smc_1_0.hwdef
INFO: [BD 41-1029] Generation completed for the IP Integrator block DDR/axi_smc_1 .
Exporting to file /home/lee/rebuild_oled_switch_cmd/vivado-risc-v/workspace/rocket64b1/vivado-genesys2-riscv/genesys2-riscv.gen/sources_1/bd/riscv/ip/riscv_io_axi_m_0/bd_0/hw_handoff/riscv_io_axi_m_0.hwh
Generated Hardware Definition File /home/lee/rebuild_oled_switch_cmd/vivado-risc-v/workspace/rocket64b1/vivado-genesys2-riscv/genesys2-riscv.gen/sources_1/bd/riscv/ip/riscv_io_axi_m_0/bd_0/synth/riscv_io_axi_m_0.hwdef
INFO: [BD 41-1029] Generation completed for the IP Integrator block IO/io_axi_m .
Exporting to file /home/lee/rebuild_oled_switch_cmd/vivado-risc-v/workspace/rocket64b1/vivado-genesys2-riscv/genesys2-riscv.gen/sources_1/bd/riscv/ip/riscv_io_axi_s_0/bd_0/hw_handoff/riscv_io_axi_s_0.hwh
Generated Hardware Definition File /home/lee/rebuild_oled_switch_cmd/vivado-risc-v/workspace/rocket64b1/vivado-genesys2-riscv/genesys2-riscv.gen/sources_1/bd/riscv/ip/riscv_io_axi_s_0/bd_0/synth/riscv_io_axi_s_0.hwdef
INFO: [BD 41-1029] Generation completed for the IP Integrator block IO/io_axi_s .
INFO: [BD 41-1029] Generation completed for the IP Integrator block RocketChip .
Exporting to file /home/lee/rebuild_oled_switch_cmd/vivado-risc-v/workspace/rocket64b1/vivado-genesys2-riscv/genesys2-riscv.gen/sources_1/bd/riscv/hw_handoff/riscv.hwh
Generated Hardware Definition File /home/lee/rebuild_oled_switch_cmd/vivado-risc-v/workspace/rocket64b1/vivado-genesys2-riscv/genesys2-riscv.gen/sources_1/bd/riscv/synth/riscv.hwdef
INFO: [IP_Flow 19-4993] Using cached IP synthesis design for IP riscv_axi_smc_1_0, cache-ID = 01fe2e3d86c28d66; cache size = 160.135 MB.
INFO: [IP_Flow 19-4993] Using cached IP synthesis design for IP riscv_io_axi_m_0, cache-ID = 85cdc536af0129b4; cache size = 160.135 MB.
INFO: [IP_Flow 19-4993] Using cached IP synthesis design for IP riscv_io_axi_s_0, cache-ID = e4daa013f0f04600; cache size = 160.135 MB.
[Thu Apr  6 08:26:49 2023] Launched riscv_RocketChip_0_synth_1, synth_1...
Run output will be captured here:
riscv_RocketChip_0_synth_1: /home/lee/rebuild_oled_switch_cmd/vivado-risc-v/workspace/rocket64b1/vivado-genesys2-riscv/genesys2-riscv.runs/riscv_RocketChip_0_synth_1/runme.log
synth_1: /home/lee/rebuild_oled_switch_cmd/vivado-risc-v/workspace/rocket64b1/vivado-genesys2-riscv/genesys2-riscv.runs/synth_1/runme.log
[Thu Apr  6 08:26:49 2023] Launched impl_1...
Run output will be captured here: /home/lee/rebuild_oled_switch_cmd/vivado-risc-v/workspace/rocket64b1/vivado-genesys2-riscv/genesys2-riscv.runs/impl_1/runme.log
launch_runs: Time (s): cpu = 00:01:03 ; elapsed = 00:00:50 . Memory (MB): peak = 11309.836 ; gain = 441.121 ; free physical = 26664 ; free virtual = 66360
set_property PROBES.FILE {} [get_hw_devices xc7k325t_0]
set_property FULL_PROBES.FILE {} [get_hw_devices xc7k325t_0]
set_property PROGRAM.FILE {/home/lee/need/backup/riscv_wrapper.bit} [get_hw_devices xc7k325t_0]
program_hw_devices [get_hw_devices xc7k325t_0]
INFO: [Labtools 27-3164] End of startup status: HIGH
program_hw_devices: Time (s): cpu = 00:00:06 ; elapsed = 00:00:05 . Memory (MB): peak = 11336.004 ; gain = 0.000 ; free physical = 19198 ; free virtual = 59304
refresh_hw_device [lindex [get_hw_devices xc7k325t_0] 0]
INFO: [Labtools 27-1434] Device xc7k325t (JTAG device index = 0) is programmed with a design that has no supported debug core(s) in it.
CRITICAL WARNING: [HDL 9-849] Syntax error : file ended before end of clause. [/home/lee/rebuild_oled_switch_cmd/vivado-risc-v/workspace/rocket64b1/vivado-genesys2-riscv/genesys2-riscv.gen/sources_1/bd/riscv/ip/riscv_RocketChip_0/riscv_RocketChip_0_sim_netlist.vhdl:1628720]
set_property PROBES.FILE {} [get_hw_devices xc7k325t_0]
set_property FULL_PROBES.FILE {} [get_hw_devices xc7k325t_0]
set_property PROGRAM.FILE {/home/lee/need/backup/riscv_wrapper.bit} [get_hw_devices xc7k325t_0]
program_hw_devices [get_hw_devices xc7k325t_0]
INFO: [Labtools 27-3164] End of startup status: HIGH
program_hw_devices: Time (s): cpu = 00:00:06 ; elapsed = 00:00:06 . Memory (MB): peak = 11336.824 ; gain = 0.000 ; free physical = 22659 ; free virtual = 62729
refresh_hw_device [lindex [get_hw_devices xc7k325t_0] 0]
INFO: [Labtools 27-1434] Device xc7k325t (JTAG device index = 0) is programmed with a design that has no supported debug core(s) in it.
set_property PROBES.FILE {} [get_hw_devices xc7k325t_0]
set_property FULL_PROBES.FILE {} [get_hw_devices xc7k325t_0]
set_property PROGRAM.FILE {/home/lee/need/backup/riscv_wrapper.bit} [get_hw_devices xc7k325t_0]
program_hw_devices [get_hw_devices xc7k325t_0]
INFO: [Labtools 27-3164] End of startup status: HIGH
program_hw_devices: Time (s): cpu = 00:00:05 ; elapsed = 00:00:05 . Memory (MB): peak = 11336.824 ; gain = 0.000 ; free physical = 22622 ; free virtual = 62764
refresh_hw_device [lindex [get_hw_devices xc7k325t_0] 0]
INFO: [Labtools 27-1434] Device xc7k325t (JTAG device index = 0) is programmed with a design that has no supported debug core(s) in it.
set_property PROBES.FILE {} [get_hw_devices xc7k325t_0]
set_property FULL_PROBES.FILE {} [get_hw_devices xc7k325t_0]
set_property PROGRAM.FILE {/home/lee/need/backup/riscv_wrapper.bit} [get_hw_devices xc7k325t_0]
program_hw_devices [get_hw_devices xc7k325t_0]
INFO: [Labtools 27-3164] End of startup status: HIGH
program_hw_devices: Time (s): cpu = 00:00:05 ; elapsed = 00:00:05 . Memory (MB): peak = 11336.824 ; gain = 0.000 ; free physical = 22093 ; free virtual = 62306
refresh_hw_device [lindex [get_hw_devices xc7k325t_0] 0]
INFO: [Labtools 27-1434] Device xc7k325t (JTAG device index = 0) is programmed with a design that has no supported debug core(s) in it.
set_property PROBES.FILE {} [get_hw_devices xc7k325t_0]
set_property FULL_PROBES.FILE {} [get_hw_devices xc7k325t_0]
set_property PROGRAM.FILE {/home/lee/need/backup/riscv_wrapper.bit} [get_hw_devices xc7k325t_0]
program_hw_devices [get_hw_devices xc7k325t_0]
INFO: [Labtools 27-3164] End of startup status: HIGH
program_hw_devices: Time (s): cpu = 00:00:05 ; elapsed = 00:00:05 . Memory (MB): peak = 11336.824 ; gain = 0.000 ; free physical = 25923 ; free virtual = 66271
refresh_hw_device [lindex [get_hw_devices xc7k325t_0] 0]
INFO: [Labtools 27-1434] Device xc7k325t (JTAG device index = 0) is programmed with a design that has no supported debug core(s) in it.
update_module_reference riscv_RocketChip_0
INFO: [IP_Flow 19-5107] Inferred bus interface 'clock' of definition 'xilinx.com:signal:clock:1.0' (from X_INTERFACE_INFO parameter from HDL file).
INFO: [IP_Flow 19-5107] Inferred bus interface 'clock' of definition 'xilinx.com:signal:clock:1.0' (from 'X_INTERFACE_INFO' attribute).
INFO: [IP_Flow 19-5107] Inferred bus interface 'sys_reset' of definition 'xilinx.com:signal:reset:1.0' (from X_INTERFACE_INFO parameter from HDL file).
INFO: [IP_Flow 19-5107] Inferred bus interface 'sys_reset' of definition 'xilinx.com:signal:reset:1.0' (from 'X_INTERFACE_INFO' attribute).
INFO: [IP_Flow 19-5107] Inferred bus interface 'aresetn' of definition 'xilinx.com:signal:reset:1.0' (from X_INTERFACE_INFO parameter from HDL file).
INFO: [IP_Flow 19-5107] Inferred bus interface 'aresetn' of definition 'xilinx.com:signal:reset:1.0' (from 'X_INTERFACE_INFO' attribute).
INFO: [IP_Flow 19-5107] Inferred bus interface 'MEM_AXI4' of definition 'xilinx.com:interface:aximm:1.0' (from X_INTERFACE_INFO parameter from HDL file).
INFO: [IP_Flow 19-5107] Inferred bus interface 'MEM_AXI4' of definition 'xilinx.com:interface:aximm:1.0' (from 'X_INTERFACE_INFO' attribute).
INFO: [IP_Flow 19-5107] Inferred bus interface 'IO_AXI4' of definition 'xilinx.com:interface:aximm:1.0' (from X_INTERFACE_INFO parameter from HDL file).
INFO: [IP_Flow 19-5107] Inferred bus interface 'IO_AXI4' of definition 'xilinx.com:interface:aximm:1.0' (from 'X_INTERFACE_INFO' attribute).
INFO: [IP_Flow 19-5107] Inferred bus interface 'DMA_AXI4' of definition 'xilinx.com:interface:aximm:1.0' (from X_INTERFACE_INFO parameter from HDL file).
INFO: [IP_Flow 19-5107] Inferred bus interface 'DMA_AXI4' of definition 'xilinx.com:interface:aximm:1.0' (from 'X_INTERFACE_INFO' attribute).
INFO: [IP_Flow 19-5107] Inferred bus interface 'clock_ok' of definition 'xilinx.com:signal:clock:1.0' (from Xilinx Repository).
INFO: [IP_Flow 19-4728] Bus Interface 'clock': Added interface parameter 'ASSOCIATED_BUSIF' with value 'MEM_AXI4'.
INFO: [IP_Flow 19-4728] Bus Interface 'clock': Added interface parameter 'ASSOCIATED_RESET' with value 'aresetn'.
INFO: [IP_Flow 19-4728] Bus Interface 'sys_reset': Added interface parameter 'POLARITY' with value 'ACTIVE_HIGH'.
INFO: [IP_Flow 19-4728] Bus Interface 'aresetn': Added interface parameter 'POLARITY' with value 'ACTIVE_LOW'.
INFO: [IP_Flow 19-4728] Bus Interface 'MEM_AXI4': Added interface parameter 'PROTOCOL' with value 'AXI4'.
INFO: [IP_Flow 19-4728] Bus Interface 'MEM_AXI4': Added interface parameter 'ADDR_WIDTH' with value '32'.
INFO: [IP_Flow 19-4728] Bus Interface 'MEM_AXI4': Added interface parameter 'DATA_WIDTH' with value '64'.
INFO: [IP_Flow 19-4728] Bus Interface 'IO_AXI4': Added interface parameter 'PROTOCOL' with value 'AXI4'.
INFO: [IP_Flow 19-4728] Bus Interface 'IO_AXI4': Added interface parameter 'ADDR_WIDTH' with value '31'.
INFO: [IP_Flow 19-4728] Bus Interface 'IO_AXI4': Added interface parameter 'DATA_WIDTH' with value '64'.
INFO: [IP_Flow 19-4728] Bus Interface 'DMA_AXI4': Added interface parameter 'PROTOCOL' with value 'AXI4'.
INFO: [IP_Flow 19-4728] Bus Interface 'DMA_AXI4': Added interface parameter 'ADDR_WIDTH' with value '32'.
INFO: [IP_Flow 19-4728] Bus Interface 'DMA_AXI4': Added interface parameter 'DATA_WIDTH' with value '64'.
WARNING: [IP_Flow 19-5661] Bus Interface 'clock_ok' does not have any bus interfaces associated with it.
INFO: [IP_Flow 19-234] Refreshing IP repositories
INFO: [IP_Flow 19-1704] No user IP repositories specified
Upgrading '/home/lee/rebuild_oled_switch_cmd/vivado-risc-v/workspace/rocket64b1/vivado-genesys2-riscv/genesys2-riscv.srcs/sources_1/bd/riscv/riscv.bd'
INFO: [IP_Flow 19-3420] Updated riscv_RocketChip_0 to use current project options
Wrote  : </home/lee/rebuild_oled_switch_cmd/vivado-risc-v/workspace/rocket64b1/vivado-genesys2-riscv/genesys2-riscv.srcs/sources_1/bd/riscv/riscv.bd> 
update_module_reference: Time (s): cpu = 00:00:16 ; elapsed = 00:00:09 . Memory (MB): peak = 11373.801 ; gain = 36.977 ; free physical = 26001 ; free virtual = 66028
reset_run synth_1
INFO: [Project 1-1161] Replacing file /home/lee/rebuild_oled_switch_cmd/vivado-risc-v/workspace/rocket64b1/vivado-genesys2-riscv/genesys2-riscv.srcs/utils_1/imports/synth_1/riscv_wrapper.dcp with file /home/lee/rebuild_oled_switch_cmd/vivado-risc-v/workspace/rocket64b1/vivado-genesys2-riscv/genesys2-riscv.runs/synth_1/riscv_wrapper.dcp
launch_runs impl_1 -to_step write_bitstream
INFO: [xilinx.com:ip:smartconnect:1.0-1] riscv_io_axi_m_0: SmartConnect riscv_io_axi_m_0 is in High-performance Mode.
INFO: [xilinx.com:ip:smartconnect:1.0-1] riscv_axi_smc_1_0: SmartConnect riscv_axi_smc_1_0 is in High-performance Mode.
INFO: [xilinx.com:ip:smartconnect:1.0-1] riscv_io_axi_s_0: SmartConnect riscv_io_axi_s_0 is in Low-Area Mode.
WARNING: [xilinx.com:ip:smartconnect:1.0-1] riscv_io_axi_s_0: IP riscv_io_axi_s_0 is configured in Low-area mode as all propagated traffic is low-bandwidth (AXI4LITE). SI S00_AXI has property HAS_BURST == 1. WRAP bursts are not supported in Low-area mode and will result in DECERR if received.
WARNING: [xilinx.com:ip:smartconnect:1.0-1] riscv_io_axi_s_0: If WRAP transactions are required then turn off Low-area mode using ADVANCED_PROPERTIES. Execute following: set_property CONFIG.ADVANCED_PROPERTIES {__experimental_features__ {disable_low_area_mode 1}} [get_bd_cells /riscv_io_axi_s_0]
INFO: [xilinx.com:ip:clk_wiz:6.0-1] /clk_wiz_0 clk_wiz propagate
Wrote  : </home/lee/rebuild_oled_switch_cmd/vivado-risc-v/workspace/rocket64b1/vivado-genesys2-riscv/genesys2-riscv.srcs/sources_1/bd/riscv/riscv.bd> 
Wrote  : </home/lee/rebuild_oled_switch_cmd/vivado-risc-v/workspace/rocket64b1/vivado-genesys2-riscv/genesys2-riscv.srcs/sources_1/bd/riscv/ui/bd_32edb0cf.ui> 
VHDL Output written to : /home/lee/rebuild_oled_switch_cmd/vivado-risc-v/workspace/rocket64b1/vivado-genesys2-riscv/genesys2-riscv.gen/sources_1/bd/riscv/synth/riscv.v
VHDL Output written to : /home/lee/rebuild_oled_switch_cmd/vivado-risc-v/workspace/rocket64b1/vivado-genesys2-riscv/genesys2-riscv.gen/sources_1/bd/riscv/sim/riscv.v
VHDL Output written to : /home/lee/rebuild_oled_switch_cmd/vivado-risc-v/workspace/rocket64b1/vivado-genesys2-riscv/genesys2-riscv.gen/sources_1/bd/riscv/hdl/riscv_wrapper.v
Exporting to file /home/lee/rebuild_oled_switch_cmd/vivado-risc-v/workspace/rocket64b1/vivado-genesys2-riscv/genesys2-riscv.gen/sources_1/bd/riscv/ip/riscv_axi_smc_1_0/bd_0/hw_handoff/riscv_axi_smc_1_0.hwh
Generated Hardware Definition File /home/lee/rebuild_oled_switch_cmd/vivado-risc-v/workspace/rocket64b1/vivado-genesys2-riscv/genesys2-riscv.gen/sources_1/bd/riscv/ip/riscv_axi_smc_1_0/bd_0/synth/riscv_axi_smc_1_0.hwdef
INFO: [BD 41-1029] Generation completed for the IP Integrator block DDR/axi_smc_1 .
Exporting to file /home/lee/rebuild_oled_switch_cmd/vivado-risc-v/workspace/rocket64b1/vivado-genesys2-riscv/genesys2-riscv.gen/sources_1/bd/riscv/ip/riscv_io_axi_m_0/bd_0/hw_handoff/riscv_io_axi_m_0.hwh
Generated Hardware Definition File /home/lee/rebuild_oled_switch_cmd/vivado-risc-v/workspace/rocket64b1/vivado-genesys2-riscv/genesys2-riscv.gen/sources_1/bd/riscv/ip/riscv_io_axi_m_0/bd_0/synth/riscv_io_axi_m_0.hwdef
INFO: [BD 41-1029] Generation completed for the IP Integrator block IO/io_axi_m .
Exporting to file /home/lee/rebuild_oled_switch_cmd/vivado-risc-v/workspace/rocket64b1/vivado-genesys2-riscv/genesys2-riscv.gen/sources_1/bd/riscv/ip/riscv_io_axi_s_0/bd_0/hw_handoff/riscv_io_axi_s_0.hwh
Generated Hardware Definition File /home/lee/rebuild_oled_switch_cmd/vivado-risc-v/workspace/rocket64b1/vivado-genesys2-riscv/genesys2-riscv.gen/sources_1/bd/riscv/ip/riscv_io_axi_s_0/bd_0/synth/riscv_io_axi_s_0.hwdef
INFO: [BD 41-1029] Generation completed for the IP Integrator block IO/io_axi_s .
INFO: [BD 41-1029] Generation completed for the IP Integrator block RocketChip .
Exporting to file /home/lee/rebuild_oled_switch_cmd/vivado-risc-v/workspace/rocket64b1/vivado-genesys2-riscv/genesys2-riscv.gen/sources_1/bd/riscv/hw_handoff/riscv.hwh
Generated Hardware Definition File /home/lee/rebuild_oled_switch_cmd/vivado-risc-v/workspace/rocket64b1/vivado-genesys2-riscv/genesys2-riscv.gen/sources_1/bd/riscv/synth/riscv.hwdef
INFO: [IP_Flow 19-4993] Using cached IP synthesis design for IP riscv_axi_smc_1_0, cache-ID = 01fe2e3d86c28d66; cache size = 160.135 MB.
INFO: [IP_Flow 19-4993] Using cached IP synthesis design for IP riscv_io_axi_s_0, cache-ID = e4daa013f0f04600; cache size = 160.135 MB.
INFO: [IP_Flow 19-4993] Using cached IP synthesis design for IP riscv_io_axi_m_0, cache-ID = 85cdc536af0129b4; cache size = 160.135 MB.
[Thu Apr  6 10:09:39 2023] Launched riscv_RocketChip_0_synth_1, synth_1...
Run output will be captured here:
riscv_RocketChip_0_synth_1: /home/lee/rebuild_oled_switch_cmd/vivado-risc-v/workspace/rocket64b1/vivado-genesys2-riscv/genesys2-riscv.runs/riscv_RocketChip_0_synth_1/runme.log
synth_1: /home/lee/rebuild_oled_switch_cmd/vivado-risc-v/workspace/rocket64b1/vivado-genesys2-riscv/genesys2-riscv.runs/synth_1/runme.log
[Thu Apr  6 10:09:39 2023] Launched impl_1...
Run output will be captured here: /home/lee/rebuild_oled_switch_cmd/vivado-risc-v/workspace/rocket64b1/vivado-genesys2-riscv/genesys2-riscv.runs/impl_1/runme.log
launch_runs: Time (s): cpu = 00:01:06 ; elapsed = 00:00:51 . Memory (MB): peak = 11601.293 ; gain = 227.492 ; free physical = 26298 ; free virtual = 66006
update_module_reference riscv_RocketChip_0
INFO: [IP_Flow 19-5107] Inferred bus interface 'clock' of definition 'xilinx.com:signal:clock:1.0' (from X_INTERFACE_INFO parameter from HDL file).
INFO: [IP_Flow 19-5107] Inferred bus interface 'clock' of definition 'xilinx.com:signal:clock:1.0' (from 'X_INTERFACE_INFO' attribute).
INFO: [IP_Flow 19-5107] Inferred bus interface 'sys_reset' of definition 'xilinx.com:signal:reset:1.0' (from X_INTERFACE_INFO parameter from HDL file).
INFO: [IP_Flow 19-5107] Inferred bus interface 'sys_reset' of definition 'xilinx.com:signal:reset:1.0' (from 'X_INTERFACE_INFO' attribute).
INFO: [IP_Flow 19-5107] Inferred bus interface 'aresetn' of definition 'xilinx.com:signal:reset:1.0' (from X_INTERFACE_INFO parameter from HDL file).
INFO: [IP_Flow 19-5107] Inferred bus interface 'aresetn' of definition 'xilinx.com:signal:reset:1.0' (from 'X_INTERFACE_INFO' attribute).
INFO: [IP_Flow 19-5107] Inferred bus interface 'MEM_AXI4' of definition 'xilinx.com:interface:aximm:1.0' (from X_INTERFACE_INFO parameter from HDL file).
INFO: [IP_Flow 19-5107] Inferred bus interface 'MEM_AXI4' of definition 'xilinx.com:interface:aximm:1.0' (from 'X_INTERFACE_INFO' attribute).
INFO: [IP_Flow 19-5107] Inferred bus interface 'IO_AXI4' of definition 'xilinx.com:interface:aximm:1.0' (from X_INTERFACE_INFO parameter from HDL file).
INFO: [IP_Flow 19-5107] Inferred bus interface 'IO_AXI4' of definition 'xilinx.com:interface:aximm:1.0' (from 'X_INTERFACE_INFO' attribute).
INFO: [IP_Flow 19-5107] Inferred bus interface 'DMA_AXI4' of definition 'xilinx.com:interface:aximm:1.0' (from X_INTERFACE_INFO parameter from HDL file).
INFO: [IP_Flow 19-5107] Inferred bus interface 'DMA_AXI4' of definition 'xilinx.com:interface:aximm:1.0' (from 'X_INTERFACE_INFO' attribute).
INFO: [IP_Flow 19-5107] Inferred bus interface 'clock_ok' of definition 'xilinx.com:signal:clock:1.0' (from Xilinx Repository).
INFO: [IP_Flow 19-4728] Bus Interface 'clock': Added interface parameter 'ASSOCIATED_BUSIF' with value 'MEM_AXI4'.
INFO: [IP_Flow 19-4728] Bus Interface 'clock': Added interface parameter 'ASSOCIATED_RESET' with value 'aresetn'.
INFO: [IP_Flow 19-4728] Bus Interface 'sys_reset': Added interface parameter 'POLARITY' with value 'ACTIVE_HIGH'.
INFO: [IP_Flow 19-4728] Bus Interface 'aresetn': Added interface parameter 'POLARITY' with value 'ACTIVE_LOW'.
INFO: [IP_Flow 19-4728] Bus Interface 'MEM_AXI4': Added interface parameter 'PROTOCOL' with value 'AXI4'.
INFO: [IP_Flow 19-4728] Bus Interface 'MEM_AXI4': Added interface parameter 'ADDR_WIDTH' with value '32'.
INFO: [IP_Flow 19-4728] Bus Interface 'MEM_AXI4': Added interface parameter 'DATA_WIDTH' with value '64'.
INFO: [IP_Flow 19-4728] Bus Interface 'IO_AXI4': Added interface parameter 'PROTOCOL' with value 'AXI4'.
INFO: [IP_Flow 19-4728] Bus Interface 'IO_AXI4': Added interface parameter 'ADDR_WIDTH' with value '31'.
INFO: [IP_Flow 19-4728] Bus Interface 'IO_AXI4': Added interface parameter 'DATA_WIDTH' with value '64'.
INFO: [IP_Flow 19-4728] Bus Interface 'DMA_AXI4': Added interface parameter 'PROTOCOL' with value 'AXI4'.
INFO: [IP_Flow 19-4728] Bus Interface 'DMA_AXI4': Added interface parameter 'ADDR_WIDTH' with value '32'.
INFO: [IP_Flow 19-4728] Bus Interface 'DMA_AXI4': Added interface parameter 'DATA_WIDTH' with value '64'.
WARNING: [IP_Flow 19-5661] Bus Interface 'clock_ok' does not have any bus interfaces associated with it.
INFO: [IP_Flow 19-234] Refreshing IP repositories
INFO: [IP_Flow 19-1704] No user IP repositories specified
Upgrading '/home/lee/rebuild_oled_switch_cmd/vivado-risc-v/workspace/rocket64b1/vivado-genesys2-riscv/genesys2-riscv.srcs/sources_1/bd/riscv/riscv.bd'
INFO: [IP_Flow 19-3420] Updated riscv_RocketChip_0 to use current project options
Wrote  : </home/lee/rebuild_oled_switch_cmd/vivado-risc-v/workspace/rocket64b1/vivado-genesys2-riscv/genesys2-riscv.srcs/sources_1/bd/riscv/riscv.bd> 
Wrote  : </home/lee/rebuild_oled_switch_cmd/vivado-risc-v/workspace/rocket64b1/vivado-genesys2-riscv/genesys2-riscv.srcs/sources_1/bd/riscv/ui/bd_32edb0cf.ui> 
update_module_reference: Time (s): cpu = 00:00:28 ; elapsed = 00:00:12 . Memory (MB): peak = 11667.547 ; gain = 0.000 ; free physical = 26286 ; free virtual = 65995
reset_run synth_1
launch_runs impl_1 -to_step write_bitstream
INFO: [xilinx.com:ip:smartconnect:1.0-1] riscv_io_axi_m_0: SmartConnect riscv_io_axi_m_0 is in High-performance Mode.
INFO: [xilinx.com:ip:smartconnect:1.0-1] riscv_axi_smc_1_0: SmartConnect riscv_axi_smc_1_0 is in High-performance Mode.
INFO: [xilinx.com:ip:smartconnect:1.0-1] riscv_io_axi_s_0: SmartConnect riscv_io_axi_s_0 is in Low-Area Mode.
WARNING: [xilinx.com:ip:smartconnect:1.0-1] riscv_io_axi_s_0: IP riscv_io_axi_s_0 is configured in Low-area mode as all propagated traffic is low-bandwidth (AXI4LITE). SI S00_AXI has property HAS_BURST == 1. WRAP bursts are not supported in Low-area mode and will result in DECERR if received.
WARNING: [xilinx.com:ip:smartconnect:1.0-1] riscv_io_axi_s_0: If WRAP transactions are required then turn off Low-area mode using ADVANCED_PROPERTIES. Execute following: set_property CONFIG.ADVANCED_PROPERTIES {__experimental_features__ {disable_low_area_mode 1}} [get_bd_cells /riscv_io_axi_s_0]
INFO: [xilinx.com:ip:clk_wiz:6.0-1] /clk_wiz_0 clk_wiz propagate
Wrote  : </home/lee/rebuild_oled_switch_cmd/vivado-risc-v/workspace/rocket64b1/vivado-genesys2-riscv/genesys2-riscv.srcs/sources_1/bd/riscv/riscv.bd> 
VHDL Output written to : /home/lee/rebuild_oled_switch_cmd/vivado-risc-v/workspace/rocket64b1/vivado-genesys2-riscv/genesys2-riscv.gen/sources_1/bd/riscv/synth/riscv.v
VHDL Output written to : /home/lee/rebuild_oled_switch_cmd/vivado-risc-v/workspace/rocket64b1/vivado-genesys2-riscv/genesys2-riscv.gen/sources_1/bd/riscv/sim/riscv.v
VHDL Output written to : /home/lee/rebuild_oled_switch_cmd/vivado-risc-v/workspace/rocket64b1/vivado-genesys2-riscv/genesys2-riscv.gen/sources_1/bd/riscv/hdl/riscv_wrapper.v
Exporting to file /home/lee/rebuild_oled_switch_cmd/vivado-risc-v/workspace/rocket64b1/vivado-genesys2-riscv/genesys2-riscv.gen/sources_1/bd/riscv/ip/riscv_axi_smc_1_0/bd_0/hw_handoff/riscv_axi_smc_1_0.hwh
Generated Hardware Definition File /home/lee/rebuild_oled_switch_cmd/vivado-risc-v/workspace/rocket64b1/vivado-genesys2-riscv/genesys2-riscv.gen/sources_1/bd/riscv/ip/riscv_axi_smc_1_0/bd_0/synth/riscv_axi_smc_1_0.hwdef
INFO: [BD 41-1029] Generation completed for the IP Integrator block DDR/axi_smc_1 .
Exporting to file /home/lee/rebuild_oled_switch_cmd/vivado-risc-v/workspace/rocket64b1/vivado-genesys2-riscv/genesys2-riscv.gen/sources_1/bd/riscv/ip/riscv_io_axi_m_0/bd_0/hw_handoff/riscv_io_axi_m_0.hwh
Generated Hardware Definition File /home/lee/rebuild_oled_switch_cmd/vivado-risc-v/workspace/rocket64b1/vivado-genesys2-riscv/genesys2-riscv.gen/sources_1/bd/riscv/ip/riscv_io_axi_m_0/bd_0/synth/riscv_io_axi_m_0.hwdef
INFO: [BD 41-1029] Generation completed for the IP Integrator block IO/io_axi_m .
Exporting to file /home/lee/rebuild_oled_switch_cmd/vivado-risc-v/workspace/rocket64b1/vivado-genesys2-riscv/genesys2-riscv.gen/sources_1/bd/riscv/ip/riscv_io_axi_s_0/bd_0/hw_handoff/riscv_io_axi_s_0.hwh
Generated Hardware Definition File /home/lee/rebuild_oled_switch_cmd/vivado-risc-v/workspace/rocket64b1/vivado-genesys2-riscv/genesys2-riscv.gen/sources_1/bd/riscv/ip/riscv_io_axi_s_0/bd_0/synth/riscv_io_axi_s_0.hwdef
INFO: [BD 41-1029] Generation completed for the IP Integrator block IO/io_axi_s .
INFO: [BD 41-1029] Generation completed for the IP Integrator block RocketChip .
Exporting to file /home/lee/rebuild_oled_switch_cmd/vivado-risc-v/workspace/rocket64b1/vivado-genesys2-riscv/genesys2-riscv.gen/sources_1/bd/riscv/hw_handoff/riscv.hwh
Generated Hardware Definition File /home/lee/rebuild_oled_switch_cmd/vivado-risc-v/workspace/rocket64b1/vivado-genesys2-riscv/genesys2-riscv.gen/sources_1/bd/riscv/synth/riscv.hwdef
INFO: [IP_Flow 19-4993] Using cached IP synthesis design for IP riscv_axi_smc_1_0, cache-ID = 01fe2e3d86c28d66; cache size = 160.135 MB.
INFO: [IP_Flow 19-4993] Using cached IP synthesis design for IP riscv_io_axi_m_0, cache-ID = 85cdc536af0129b4; cache size = 160.135 MB.
INFO: [IP_Flow 19-4993] Using cached IP synthesis design for IP riscv_io_axi_s_0, cache-ID = e4daa013f0f04600; cache size = 160.135 MB.
[Thu Apr  6 10:17:04 2023] Launched riscv_RocketChip_0_synth_1, synth_1...
Run output will be captured here:
riscv_RocketChip_0_synth_1: /home/lee/rebuild_oled_switch_cmd/vivado-risc-v/workspace/rocket64b1/vivado-genesys2-riscv/genesys2-riscv.runs/riscv_RocketChip_0_synth_1/runme.log
synth_1: /home/lee/rebuild_oled_switch_cmd/vivado-risc-v/workspace/rocket64b1/vivado-genesys2-riscv/genesys2-riscv.runs/synth_1/runme.log
[Thu Apr  6 10:17:04 2023] Launched impl_1...
Run output will be captured here: /home/lee/rebuild_oled_switch_cmd/vivado-risc-v/workspace/rocket64b1/vivado-genesys2-riscv/genesys2-riscv.runs/impl_1/runme.log
launch_runs: Time (s): cpu = 00:01:21 ; elapsed = 00:01:03 . Memory (MB): peak = 11821.426 ; gain = 153.879 ; free physical = 26228 ; free virtual = 65937
set_property PROBES.FILE {} [get_hw_devices xc7k325t_0]
set_property FULL_PROBES.FILE {} [get_hw_devices xc7k325t_0]
set_property PROGRAM.FILE {/home/lee/need/backup/riscv_wrapper.bit} [get_hw_devices xc7k325t_0]
program_hw_devices [get_hw_devices xc7k325t_0]
INFO: [Labtools 27-3164] End of startup status: HIGH
program_hw_devices: Time (s): cpu = 00:00:05 ; elapsed = 00:00:05 . Memory (MB): peak = 11844.598 ; gain = 0.000 ; free physical = 18799 ; free virtual = 58765
refresh_hw_device [lindex [get_hw_devices xc7k325t_0] 0]
INFO: [Labtools 27-1434] Device xc7k325t (JTAG device index = 0) is programmed with a design that has no supported debug core(s) in it.
set_property PROBES.FILE {} [get_hw_devices xc7k325t_0]
set_property FULL_PROBES.FILE {} [get_hw_devices xc7k325t_0]
set_property PROGRAM.FILE {/home/lee/need/backup/riscv_wrapper.bit} [get_hw_devices xc7k325t_0]
program_hw_devices [get_hw_devices xc7k325t_0]
INFO: [Labtools 27-3164] End of startup status: HIGH
program_hw_devices: Time (s): cpu = 00:00:05 ; elapsed = 00:00:05 . Memory (MB): peak = 11844.598 ; gain = 0.000 ; free physical = 25861 ; free virtual = 65894
refresh_hw_device [lindex [get_hw_devices xc7k325t_0] 0]
INFO: [Labtools 27-1434] Device xc7k325t (JTAG device index = 0) is programmed with a design that has no supported debug core(s) in it.
set_property PROBES.FILE {} [get_hw_devices xc7k325t_0]
set_property FULL_PROBES.FILE {} [get_hw_devices xc7k325t_0]
set_property PROGRAM.FILE {/home/lee/need/backup/riscv_wrapper.bit} [get_hw_devices xc7k325t_0]
program_hw_devices [get_hw_devices xc7k325t_0]
INFO: [Labtools 27-3164] End of startup status: HIGH
program_hw_devices: Time (s): cpu = 00:00:05 ; elapsed = 00:00:05 . Memory (MB): peak = 11844.598 ; gain = 0.000 ; free physical = 25839 ; free virtual = 65875
refresh_hw_device [lindex [get_hw_devices xc7k325t_0] 0]
INFO: [Labtools 27-1434] Device xc7k325t (JTAG device index = 0) is programmed with a design that has no supported debug core(s) in it.
set_property PROBES.FILE {} [get_hw_devices xc7k325t_0]
set_property FULL_PROBES.FILE {} [get_hw_devices xc7k325t_0]
set_property PROGRAM.FILE {/home/lee/need/backup/riscv_wrapper.bit} [get_hw_devices xc7k325t_0]
program_hw_devices [get_hw_devices xc7k325t_0]
INFO: [Labtools 27-3164] End of startup status: HIGH
program_hw_devices: Time (s): cpu = 00:00:05 ; elapsed = 00:00:05 . Memory (MB): peak = 11844.598 ; gain = 0.000 ; free physical = 25839 ; free virtual = 65877
refresh_hw_device [lindex [get_hw_devices xc7k325t_0] 0]
INFO: [Labtools 27-1434] Device xc7k325t (JTAG device index = 0) is programmed with a design that has no supported debug core(s) in it.
set_property PROBES.FILE {} [get_hw_devices xc7k325t_0]
set_property FULL_PROBES.FILE {} [get_hw_devices xc7k325t_0]
set_property PROGRAM.FILE {/home/lee/need/backup/riscv_wrapper.bit} [get_hw_devices xc7k325t_0]
program_hw_devices [get_hw_devices xc7k325t_0]
INFO: [Labtools 27-3164] End of startup status: HIGH
program_hw_devices: Time (s): cpu = 00:00:05 ; elapsed = 00:00:05 . Memory (MB): peak = 11844.598 ; gain = 0.000 ; free physical = 25832 ; free virtual = 65873
refresh_hw_device [lindex [get_hw_devices xc7k325t_0] 0]
INFO: [Labtools 27-1434] Device xc7k325t (JTAG device index = 0) is programmed with a design that has no supported debug core(s) in it.
set_property PROBES.FILE {} [get_hw_devices xc7k325t_0]
set_property FULL_PROBES.FILE {} [get_hw_devices xc7k325t_0]
set_property PROGRAM.FILE {/home/lee/need/backup/riscv_wrapper.bit} [get_hw_devices xc7k325t_0]
program_hw_devices [get_hw_devices xc7k325t_0]
INFO: [Labtools 27-3164] End of startup status: HIGH
program_hw_devices: Time (s): cpu = 00:00:05 ; elapsed = 00:00:05 . Memory (MB): peak = 11844.598 ; gain = 0.000 ; free physical = 25821 ; free virtual = 65863
refresh_hw_device [lindex [get_hw_devices xc7k325t_0] 0]
INFO: [Labtools 27-1434] Device xc7k325t (JTAG device index = 0) is programmed with a design that has no supported debug core(s) in it.
set_property PROBES.FILE {} [get_hw_devices xc7k325t_0]
set_property FULL_PROBES.FILE {} [get_hw_devices xc7k325t_0]
set_property PROGRAM.FILE {/home/lee/need/backup/riscv_wrapper.bit} [get_hw_devices xc7k325t_0]
program_hw_devices [get_hw_devices xc7k325t_0]
INFO: [Labtools 27-3164] End of startup status: HIGH
program_hw_devices: Time (s): cpu = 00:00:05 ; elapsed = 00:00:05 . Memory (MB): peak = 11844.598 ; gain = 0.000 ; free physical = 25786 ; free virtual = 65832
refresh_hw_device [lindex [get_hw_devices xc7k325t_0] 0]
INFO: [Labtools 27-1434] Device xc7k325t (JTAG device index = 0) is programmed with a design that has no supported debug core(s) in it.
set_property PROBES.FILE {} [get_hw_devices xc7k325t_0]
set_property FULL_PROBES.FILE {} [get_hw_devices xc7k325t_0]
set_property PROGRAM.FILE {/home/lee/need/backup/riscv_wrapper.bit} [get_hw_devices xc7k325t_0]
program_hw_devices [get_hw_devices xc7k325t_0]
INFO: [Labtools 27-3164] End of startup status: HIGH
program_hw_devices: Time (s): cpu = 00:00:05 ; elapsed = 00:00:05 . Memory (MB): peak = 11844.598 ; gain = 0.000 ; free physical = 25763 ; free virtual = 65811
refresh_hw_device [lindex [get_hw_devices xc7k325t_0] 0]
INFO: [Labtools 27-1434] Device xc7k325t (JTAG device index = 0) is programmed with a design that has no supported debug core(s) in it.
exit
INFO: [Common 17-206] Exiting Vivado at Thu Apr  6 13:56:12 2023...
